<?xml version="1.0" encoding="UTF-8"?>
<!-- Generated by org.testng.reporters.JUnitXMLReporter -->
<testsuite ignored="5" hostname="DESKTOP-CPOD1KR" failures="0" tests="1" name="Default test" time="10.094" errors="0" timestamp="2023-12-11T21:23:30 EET">
  <testcase classname="AlmosaferWeb.MyTestCases" name="CheckTheDepatureAndTheArrivalDate" time="0.509"/>
  <testcase classname="AlmosaferWeb.MyTestCases" name="CheckTheCurrency" time="0.0">
    <ignored/>
  </testcase> <!-- CheckTheCurrency -->
  <testcase classname="AlmosaferWeb.MyTestCases" name="HotelTabIsNotSelected" time="0.0">
    <ignored/>
  </testcase> <!-- HotelTabIsNotSelected -->
  <testcase classname="AlmosaferWeb.MyTestCases" name="CheckTheLanguage" time="0.0">
    <ignored/>
  </testcase> <!-- CheckTheLanguage -->
  <testcase classname="AlmosaferWeb.MyTestCases" name="CheckTheContactNumber" time="0.0">
    <ignored/>
  </testcase> <!-- CheckTheContactNumber -->
  <testcase classname="AlmosaferWeb.MyTestCases" name="CheckQittafLogo" time="0.0">
    <ignored/>
  </testcase> <!-- CheckQittafLogo -->
</testsuite> <!-- Default test -->
