<?xml version="1.0" encoding="UTF-8"?>
<testng-results ignored="5" total="6" passed="1" failed="0" skipped="0">
  <reporter-output>
  </reporter-output>
  <suite started-at="2023-12-11T21:23:19 EET" name="Default suite" finished-at="2023-12-11T21:23:29 EET" duration-ms="10094">
    <groups>
    </groups>
    <test started-at="2023-12-11T21:23:19 EET" name="Default test" finished-at="2023-12-11T21:23:29 EET" duration-ms="10094">
      <class name="AlmosaferWeb.MyTestCases">
        <test-method is-config="true" signature="MyBeforeTest()[pri:0, instance:AlmosaferWeb.MyTestCases@4baf352a]" started-at="2023-12-11T21:23:19 EET" name="MyBeforeTest" finished-at="2023-12-11T21:23:28 EET" duration-ms="9488" status="PASS">
          <reporter-output>
          </reporter-output>
        </test-method> <!-- MyBeforeTest -->
        <test-method signature="CheckTheDepatureAndTheArrivalDate()[pri:0, instance:AlmosaferWeb.MyTestCases@4baf352a]" started-at="2023-12-11T21:23:28 EET" name="CheckTheDepatureAndTheArrivalDate" finished-at="2023-12-11T21:23:29 EET" duration-ms="509" status="PASS">
          <reporter-output>
          </reporter-output>
        </test-method> <!-- CheckTheDepatureAndTheArrivalDate -->
        <test-method is-config="true" signature="MyAfterTest()[pri:0, instance:AlmosaferWeb.MyTestCases@4baf352a]" started-at="2023-12-11T21:23:29 EET" name="MyAfterTest" finished-at="2023-12-11T21:23:29 EET" duration-ms="0" status="PASS">
          <reporter-output>
          </reporter-output>
        </test-method> <!-- MyAfterTest -->
      </class> <!-- AlmosaferWeb.MyTestCases -->
    </test> <!-- Default test -->
  </suite> <!-- Default suite -->
</testng-results>
